"../../../MultiplayerShootout/Content/Gunslinger/GunslingerTTP_Skeleton.uasset" 0
"../../../MultiplayerShootout/Content/Animations/Gunslinger_Aiming.uasset" 1
"../../../MultiplayerShootout/Content/Animations/Gunslinger_ResetAim.uasset" 2
"../../../MultiplayerShootout/Content/Sounds/Blip_01.uasset" 3
"../../../MultiplayerShootout/Content/Sounds/Blip_02.uasset" 4
"../../../MultiplayerShootout/Content/Sounds/Coin_02.uasset" 5
"../../../MultiplayerShootout/Content/Sounds/Laser_01.uasset" 6
"../../../MultiplayerShootout/Content/Sounds/Laser_02.uasset" 7
"../../../MultiplayerShootout/Content/Sounds/Powerup_01.uasset" 8
"../../../MultiplayerShootout/Content/Sounds/Powerup_02.uasset" 9
"../../../MultiplayerShootout/Content/Sounds/Randomize_02.uasset" 10
"../../../MultiplayerShootout/Content/Sounds/Randomize_04.uasset" 11
"../../../MultiplayerShootout/Content/Sounds/Randomize_05.uasset" 12
"../../../MultiplayerShootout/Content/Sounds/Randomize_06.uasset" 13
"../../../MultiplayerShootout/Content/Sounds/Randomize_07.uasset" 14
"../../../MultiplayerShootout/Content/Sounds/Randomize_09.uasset" 15
"../../../Engine/Content/Functions/Engine_MaterialFunctions01/Opacity/CameraDepthFade.uasset" 16
"../../../Engine/Content/EngineMaterials/T_Default_Material_Grid_M.uasset" 17
"../../../Engine/Content/EngineMaterials/T_Default_Material_Grid_N.uasset" 18
"../../../Engine/Content/EngineMaterials/DefaultMaterial.uasset" 19
"../../../Engine/Content/BasicShapes/Cone.uasset" 20
"../../../Engine/Content/EngineMaterials/WorldGridMaterial.uasset" 21
"../../../Engine/Content/BasicShapes/Cube.uasset" 22
"../../../Engine/Content/BasicShapes/Cylinder.uasset" 23
"../../../Engine/Content/BasicShapes/Plane.uasset" 24
"../../../Engine/Content/BasicShapes/Sphere.uasset" 25
"../../../Engine/Content/EditorLandscapeResources/DataLayer.uasset" 26
"../../../Engine/Content/EditorMaterials/GizmoMaterial.uasset" 27
"../../../Engine/Content/EditorMaterials/MAT_Groups_Toggle.uasset" 28
"../../../Engine/Content/EditorMaterials/MAT_Groups_Visibility.uasset" 29
"../../../Engine/Content/EditorMaterials/PreviewShadowIndicator.uasset" 30
"../../../Engine/Content/EditorMaterials/PreviewShadowIndicatorMaterial.uasset" 31
"../../../Engine/Content/EditorMaterials/MatineeGroups/MAT_ColorTrack.uasset" 32
"../../../Engine/Content/EditorMaterials/MatineeGroups/MAT_Groups_Anim.uasset" 33
"../../../Engine/Content/EditorMaterials/MatineeGroups/MAT_Groups_AudioMaster.uasset" 34
"../../../Engine/Content/EditorMaterials/MatineeGroups/MAT_Groups_Director.uasset" 35
"../../../Engine/Content/EditorMaterials/MatineeGroups/MAT_Groups_Event.uasset" 36
"../../../Engine/Content/EditorMaterials/MatineeGroups/MAT_Groups_Fade.uasset" 37
"../../../Engine/Content/EditorMaterials/MatineeGroups/MAT_Groups_Float.uasset" 38
"../../../Engine/Content/EditorMaterials/MatineeGroups/MAT_Groups_Move.uasset" 39
"../../../Engine/Content/EditorMaterials/MatineeGroups/MAT_Groups_Slomo.uasset" 40
"../../../Engine/Content/EditorMaterials/MatineeGroups/MAT_Groups_Sound.uasset" 41
"../../../Engine/Content/EditorMaterials/MatineeGroups/MAT_Groups_Vector.uasset" 42
"../../../Engine/Content/EditorMaterials/ParticleSystems/PSysThumbnail_NoImage.uasset" 43
"../../../Engine/Content/EditorMaterials/ParticleSystems/PSysThumbnail_OOD.uasset" 44
"../../../Engine/Content/EditorMaterials/Camera/CineMat.uasset" 45
"../../../Engine/Content/EditorMaterials/Camera/MI_CineMat_Rig.uasset" 46
"../../../Engine/Content/EditorMeshes/Camera/SM_CraneRig_Arm.uasset" 47
"../../../Engine/Content/EditorMeshes/Camera/SM_CraneRig_Base.uasset" 48
"../../../Engine/Content/EditorMeshes/Camera/SM_CraneRig_Body.uasset" 49
"../../../Engine/Content/EditorMeshes/Camera/SM_CraneRig_Mount.uasset" 50
"../../../Engine/Content/EditorMeshes/Camera/SM_RailRig_Mount.uasset" 51
"../../../Engine/Content/EditorMeshes/Camera/SM_RailRig_Track.uasset" 52
"../../../Engine/Content/EditorResources/BSPVertex.uasset" 53
"../../../Engine/Content/EditorResources/EmptyActor.uasset" 54
"../../../Engine/Content/EditorResources/S_Actor.uasset" 55
"../../../Engine/Content/EditorResources/S_Trigger.uasset" 56
"../../../Engine/Content/EditorResources/AudioIcons/S_AudioComponent.uasset" 57
"../../../Engine/Content/EditorSounds/Notifications/CompileFailed.uasset" 58
"../../../Engine/Content/EditorSounds/Notifications/CompileFailed_Cue.uasset" 59
"../../../Engine/Content/EditorSounds/Notifications/CompileSuccess.uasset" 60
"../../../Engine/Content/EditorSounds/Notifications/CompileStart_Cue.uasset" 61
"../../../Engine/Content/EditorSounds/Notifications/CompileSuccess_Cue.uasset" 62
"../../../Engine/Content/EngineDamageTypes/DmgTypeBP_Environmental.uasset" 63
"../../../Engine/Content/EngineDebugMaterials/HeatmapGradient.uasset" 64
"../../../Engine/Content/EngineDebugMaterials/BoneWeightMaterial.uasset" 65
"../../../Engine/Content/EngineDebugMaterials/ClothMaterial.uasset" 66
"../../../Engine/Content/EngineDebugMaterials/ClothMaterial_WF.uasset" 67
"../../../Engine/Content/EngineDebugMaterials/DebugEditorMaterial.uasset" 68
"../../../Engine/Content/EngineDebugMaterials/DebugMeshMaterial.uasset" 69
"../../../Engine/Content/EngineDebugMaterials/GeomMaterial.uasset" 70
"../../../Engine/Content/EngineFonts/Faces/RobotoBold.uasset" 71
"../../../Engine/Content/EngineFonts/Faces/RobotoBoldItalic.uasset" 72
"../../../Engine/Content/EngineFonts/Faces/RobotoItalic.uasset" 73
"../../../Engine/Content/EngineFonts/Faces/RobotoLight.uasset" 74
"../../../Engine/Content/EngineFonts/Faces/RobotoRegular.uasset" 75
"../../../Engine/Content/EngineFonts/Roboto.uasset" 76
"../../../Engine/Content/EngineFonts/Faces/RobotoTiny.uasset" 77
"../../../Engine/Content/EngineFonts/RobotoTiny.uasset" 78
"../../../Engine/Content/EngineMaterials/DefaultBloomKernel.uasset" 79
"../../../Engine/Content/EngineMaterials/DefaultBokeh.uasset" 80
"../../../Engine/Content/EngineMaterials/DefaultDiffuse.uasset" 81
"../../../Engine/Content/EngineMaterials/DefaultDeferredDecalMaterial.uasset" 82
"../../../Engine/Content/EngineMaterials/DefaultLightFunctionMaterial.uasset" 83
"../../../Engine/Content/EngineMaterials/DefaultPhysicalMaterial.uasset" 84
"../../../Engine/Content/Functions/Engine_MaterialFunctions02/Utility/BreakOutFloat2Components.uasset" 85
"../../../Engine/Content/EngineMaterials/DefaultPostProcessMaterial.uasset" 86
"../../../Engine/Content/EngineFonts/RobotoDistanceField.uasset" 87
"../../../Engine/Content/EngineMaterials/DefaultTextMaterialOpaque.uasset" 88
"../../../Engine/Content/EngineMaterials/DefaultWhiteGrid.uasset" 89
"../../../Engine/Content/EngineMaterials/EditorBrushMaterial.uasset" 90
"../../../Engine/Content/EngineMaterials/Good64x64TilingNoiseHighFreq.uasset" 91
"../../../Engine/Content/EngineMaterials/InvalidLightmapSettings.uasset" 92
"../../../Engine/Content/EngineMaterials/M_InvalidLightmapSettings.uasset" 93
"../../../Engine/Content/EngineMaterials/MiniFont.uasset" 94
"../../../Engine/Content/Functions/Engine_MaterialFunctions02/WorldPositionOffset/CameraOffset.uasset" 95
"../../../Engine/Content/EngineMaterials/PhAT_JointLimitMaterial.uasset" 96
"../../../Engine/Content/EngineMaterials/PreintegratedSkinBRDF.uasset" 97
"../../../Engine/Content/EngineMaterials/RemoveSurfaceMaterial.uasset" 98
"../../../Engine/Content/EngineMaterials/WeightMapPlaceholderTexture.uasset" 99
"../../../Engine/Content/EngineResources/WhiteSquareTexture.uasset" 100
"../../../Engine/Content/EngineMaterials/Widget3DPassThrough.uasset" 101
"../../../Engine/Content/EngineMaterials/Widget3DPassThrough_Masked.uasset" 102
"../../../Engine/Content/EngineMaterials/Widget3DPassThrough_Opaque.uasset" 103
"../../../Engine/Content/EngineMaterials/Widget3DPassThrough_Masked_OneSided.uasset" 104
"../../../Engine/Content/EngineMaterials/Widget3DPassThrough_Opaque_OneSided.uasset" 105
"../../../Engine/Content/EngineMaterials/Widget3DPassThrough_Translucent.uasset" 106
"../../../Engine/Content/EngineMaterials/Widget3DPassThrough_Translucent_OneSided.uasset" 107
"../../../Engine/Content/EngineMeshes/Cube.uasset" 108
"../../../Engine/Content/EngineMeshes/Cylinder.uasset" 109
"../../../Engine/Content/EngineMeshes/Sphere.uasset" 110
"../../../Engine/Content/EngineResources/Black.uasset" 111
"../../../Engine/Content/EngineResources/DefaultTexture.uasset" 112
"../../../Engine/Content/EngineResources/DefaultTextureCube.uasset" 113
"../../../Engine/Content/EngineResources/GradientTexture0.uasset" 114
"../../../Engine/Content/EngineSounds/Master.uasset" 115
"../../../Engine/Content/Functions/Engine_MaterialFunctions01/Shading/ConvertFromDiffSpec.uasset" 116
"../../../Engine/Content/Functions/Engine_MaterialFunctions01/Shading/PowerToRoughness.uasset" 117
"../../../Engine/Content/Maps/Templates/Thumbnails/Default.uasset" 118
"../../../Engine/Content/Maps/Templates/Thumbnails/VR-Basic.uasset" 119
"../../../Engine/Content/MobileResources/T_MobileControls_texture.uasset" 120
"../../../Engine/Content/MobileResources/T_MobileMenu2.uasset" 121
"../../../Engine/Content/MobileResources/HUD/AnalogHat.uasset" 122
"../../../Engine/Content/MobileResources/HUD/VirtualJoystick_Background.uasset" 123
"../../../Engine/Content/MobileResources/HUD/VirtualJoystick_Thumb.uasset" 124
"../../../Engine/Content/MobileResources/HUD/DefaultVirtualJoysticks.uasset" 125
"../../../Engine/Content/MobileResources/HUD/LeftVirtualJoystickOnly.uasset" 126
"../../../Engine/Content/MobileResources/HUD/MobileHUDButton1_off.uasset" 127
"../../../Engine/Content/MobileResources/HUD/MobileHUDButton1_on.uasset" 128
"../../../Engine/Content/MobileResources/HUD/MobileHUDButton2_off.uasset" 129
"../../../Engine/Content/MobileResources/HUD/MobileHUDButton2_on.uasset" 130
"../../../Engine/Content/MobileResources/HUD/MobileHUDButton3.uasset" 131
"../../../Engine/Content/MobileResources/HUD/MobileHUDButtonFire.uasset" 132
"../../../Engine/Content/MobileResources/HUD/MobileHUDDirectionPad.uasset" 133
"../../../Engine/Content/MobileResources/HUD/MobileHUDDirectionPad2.uasset" 134
"../../../Engine/Content/MobileResources/HUD/MobileHUDDirectionPad3.uasset" 135
"../../../Engine/Content/MobileResources/HUD/MobileHUDDirectionStick.uasset" 136
"../../../Engine/Content/MobileResources/HUD/T_Castle_ThumbstickInner.uasset" 137
"../../../Engine/Content/MobileResources/HUD/T_Castle_ThumbstickOutter.uasset" 138
"../../../Engine/Content/Tutorial/ContentIntroCurve.uasset" 139
"../../../Engine/Content/Tutorial/Basics/TutorialAssets/icon_tab_Levels_40x.uasset" 140
"../../../Engine/Content/Tutorial/BlueprintTutorials/TutorialAssets/Blueprint_64x.uasset" 141
"../../../Engine/Content/Tutorial/BlueprintTutorials/TutorialAssets/BlueprintInterface_64x.uasset" 142
"../../../Engine/Content/Tutorial/BlueprintTutorials/TutorialAssets/BlueprintMacroLibrary_64x.uasset" 143
"../../../Engine/Content/Tutorial/BlueprintTutorials/TutorialAssets/Tutorial_BP_Interface.uasset" 144
"../../../Engine/Content/Tutorial/Foliage/TutorialAssets/Foliage.uasset" 145
"../../../Engine/Content/Tutorial/Landscape/TutorialAssets/Landscape.uasset" 146
"../../../Engine/Content/Tutorial/Paper2D/TutorialAssets/Paper2DFlipbook_TutorialIcon.uasset" 147
"../../../Engine/Content/Tutorial/Paper2D/TutorialAssets/Paper2DSprite_TutorialIcon.uasset" 148
"../../../Engine/Content/Tutorial/SubEditors/TutorialAssets/icon_Editor_Preferences_General_40x.uasset" 149
"../../../Engine/Content/Tutorial/SubEditors/TutorialAssets/icon_ShowSkeletalMeshes_40x.uasset" 150
"../../../Engine/Content/Tutorial/SubEditors/TutorialAssets/TutorialMaterial.uasset" 151
"../../../Engine/Content/Tutorial/SubEditors/TutorialAssets/T_SmokeSubUV_8X8.uasset" 152
"../../../Engine/Content/Tutorial/SubEditors/TutorialAssets/T_soft_smoke.uasset" 153
"../../../Engine/Content/Tutorial/SubEditors/TutorialAssets/M_smoke_subUV_blackbody.uasset" 154
"../../../Engine/Content/Tutorial/SubEditors/TutorialAssets/TutorialParticleSystem.uasset" 155
"../../../Engine/Content/VREditor/Devices/Generic/GenericHMDMaterial.uasset" 156
"../../../Engine/Content/VREditor/Devices/Generic/GenericHMD.uasset" 157
"../../../Engine/Content/VREditor/FloatingText/LineMaterial.uasset" 158
"../../../Engine/Content/VREditor/FloatingText/JointSphere.uasset" 159
"../../../Engine/Content/VREditor/FloatingText/LineSegmentCylinder.uasset" 160
"../../../Engine/Content/VREditor/Fonts/VRText_RobotoLarge.uasset" 161
"../../../Engine/Content/VREditor/Fonts/VRTextMaterial.uasset" 162
"../../../Engine/Content/VREditor/Fonts/TranslucentVRTextMaterial.uasset" 163
"../../../Engine/Content/VREditor/LaserPointer/CursorPointer.uasset" 164
"../../../Engine/Content/VREditor/LaserPointer/VR_LaserPower_01.uasset" 165
"../../../Engine/Content/VREditor/TransformGizmo/TransformGizmoMaterial.uasset" 166
"../../../Engine/Content/VREditor/LaserPointer/HoverMaterial.uasset" 167
"../../../Engine/Content/VREditor/TransformGizmo/TranslucentTransformGizmoMaterial.uasset" 168
"../../../Engine/Content/VREditor/LaserPointer/TranslucentHoverMaterial.uasset" 169
"../../../Engine/Content/VREditor/LaserPointer/HoverMesh.uasset" 170
"../../../Engine/Content/VREditor/LaserPointer/LaserPointerMaterial.uasset" 171
"../../../Engine/Content/VREditor/LaserPointer/LaserPointerMaterialInst.uasset" 172
"../../../Engine/Content/VREditor/LaserPointer/TranslucentLaserPointerMaterialInst.uasset" 173
"../../../Engine/Content/VREditor/LaserPointer/LaserPointerMesh.uasset" 174
"../../../Engine/Content/VREditor/LaserPointer/LaserPointerMesh_End.uasset" 175
"../../../Engine/Content/VREditor/LaserPointer/LaserPointerMesh_Start.uasset" 176
"../../../Engine/Content/Functions/Engine_MaterialFunctions02/Utility/BreakOutFloat3Components.uasset" 177
"../../../Engine/Content/Functions/Engine_MaterialFunctions02/Math/Transform3x3Matrix.uasset" 178
"../../../Engine/Content/Functions/Engine_MaterialFunctions02/SplitComponents.uasset" 179
"../../../Engine/Content/Functions/Engine_MaterialFunctions02/Utility/MakeFloat3.uasset" 180
"../../../Engine/Content/VREditor/SnapGrid/SnapGridMaterial.uasset" 181
"../../../Engine/Content/VREditor/SnapGrid/SnapGridPlaneMesh.uasset" 182
"../../../Engine/Content/VREditor/Sounds/VR_teleport.uasset" 183
"../../../Engine/Content/VREditor/Sounds/UI/Click_on_Button_Cue.uasset" 184
"../../../Engine/Content/VREditor/Sounds/UI/Dockable_Window_Close.uasset" 185
"../../../Engine/Content/VREditor/Sounds/UI/Dockable_Window_Drop.uasset" 186
"../../../Engine/Content/VREditor/Sounds/UI/Dockable_Window_Open.uasset" 187
"../../../Engine/Content/VREditor/Sounds/UI/Dockable_Window_Pick_Up.uasset" 188
"../../../Engine/Content/VREditor/Sounds/UI/Drop_Item_From_ContentBrowser.uasset" 189
"../../../Engine/Content/VREditor/Sounds/UI/Floating_UI_Open-001.uasset" 190
"../../../Engine/Content/VREditor/Sounds/UI/Gizmo_Handle_Clicked.uasset" 191
"../../../Engine/Content/VREditor/Sounds/UI/Object_PickUp.uasset" 192
"../../../Engine/Content/VREditor/Sounds/UI/Object_Snaps_To_Another_Actor.uasset" 193
"../../../Engine/Content/VREditor/Sounds/UI/Object_Snaps_To_Grid.uasset" 194
"../../../Engine/Content/VREditor/Sounds/UI/Radial_Menu_FadeOut.uasset" 195
"../../../Engine/Content/VREditor/Sounds/UI/Scaling_Down.uasset" 196
"../../../Engine/Content/VREditor/Sounds/UI/Scaling_Up.uasset" 197
"../../../Engine/Content/VREditor/Sounds/UI/Selection_Changes.uasset" 198
"../../../Engine/Content/VREditor/Sounds/UI/Teleport_Mode_Entered.uasset" 199
"../../../Engine/Content/VREditor/Teleport/TeleportDirectionMaterial.uasset" 200
"../../../Engine/Content/VREditor/Teleport/TeleportDirectionMaterial_Inst.uasset" 201
"../../../Engine/Content/VREditor/Teleport/TeleportDirectionMesh.uasset" 202
"../../../Engine/Content/VREditor/TransformGizmo/BoundingBoxCorner.uasset" 203
"../../../Engine/Content/VREditor/TransformGizmo/BoundingBoxEdge.uasset" 204
"../../../Engine/Content/VREditor/TransformGizmo/PlaneTranslationHandle.uasset" 205
"../../../Engine/Content/VREditor/TransformGizmo/RotationHandleFull.uasset" 206
"../../../Engine/Content/VREditor/TransformGizmo/RotationHandleIndicator.uasset" 207
"../../../Engine/Content/VREditor/TransformGizmo/RotationHandleQuarter.uasset" 208
"../../../Engine/Content/VREditor/TransformGizmo/Main.uasset" 209
"../../../Engine/Content/VREditor/TransformGizmo/Xray.uasset" 210
"../../../Engine/Content/VREditor/TransformGizmo/SM_Dialog_Close.uasset" 211
"../../../Engine/Content/VREditor/TransformGizmo/SM_Dialog_Move.uasset" 212
"../../../Engine/Content/VREditor/TransformGizmo/SM_Sequencer_Key.uasset" 213
"../../../Engine/Content/VREditor/TransformGizmo/SM_Sequencer_Node.uasset" 214
"../../../Engine/Content/VREditor/TransformGizmo/StartRotationHandleIndicator.uasset" 215
"../../../Engine/Content/VREditor/TransformGizmo/TranslucentTransformGizmoMaterial_Inst.uasset" 216
"../../../Engine/Content/VREditor/TransformGizmo/TransformGizmoFreeRotation.uasset" 217
"../../../Engine/Content/VREditor/TransformGizmo/TransformGizmoMaterial_Inst.uasset" 218
"../../../Engine/Content/VREditor/TransformGizmo/TranslateArrowHandle.uasset" 219
"../../../Engine/Content/VREditor/TransformGizmo/UniformScaleHandle.uasset" 220
"../../../Engine/Content/VREditor/UI/KeyDiskMaterial.uasset" 221
"../../../Engine/Content/VREditor/UI/DiscMaterial.uasset" 222
"../../../Engine/Content/VREditor/UI/SM_Radial_Disk.uasset" 223
"../../../Engine/Content/Functions/Engine_MaterialFunctions01/Gradient/RadialGradient.uasset" 224
"../../../Engine/Content/VREditor/WorldMovementGrid/SimpleGrid.uasset" 225
"../../../Engine/Content/VREditor/WorldMovementGrid/GridMaterial.uasset" 226
"../../../Engine/Content/Functions/Engine_MaterialFunctions01/Density/ExponentialDensity.uasset" 227
"../../../Engine/Content/VREditor/WorldMovementGrid/GridPostProcess.uasset" 228
"../../../Engine/Content/EditorLandscapeResources/FlattenHeightMat.uasset" 229
"../../../Engine/Content/VREditor/WorldMovementGrid/PlaneMesh.uasset" 230
"../../../Engine/Plugins/2D/Paper2D/Content/PlaceholderTextures/DummySpriteTexture.uasset" 231
"../../../Engine/Plugins/2D/Paper2D/Content/DummySprite.uasset" 232
"../../../Engine/Plugins/2D/Paper2D/Content/DefaultPaperTerrainMaterial.uasset" 233
"../../../Engine/Plugins/2D/Paper2D/Content/DefaultSpriteMaterial.uasset" 234
"../../../Engine/Plugins/2D/Paper2D/Content/MaskedUnlitSpriteMaterial.uasset" 235
"../../../Engine/Plugins/2D/Paper2D/Content/OpaqueUnlitSpriteMaterial.uasset" 236
"../../../Engine/Plugins/Media/MediaCompositing/Content/DefaultMediaPlaneMaterial.uasset" 237
"../../../Engine/Content/Functions/Engine_MaterialFunctions01/Texturing/ScaleUVsByCenter.uasset" 238
"../../../Engine/Content/Functions/Engine_MaterialFunctions02/Utility/MakeFloat4.uasset" 239
"../../../Engine/Plugins/Runtime/AppleARKit/Content/ARKitCameraMaterial.uasset" 240
"../../../Engine/Content/EditorBlueprintResources/StandardMacros.uasset" 241
"../../../MultiplayerShootout/Content/Blueprints/State.uasset" 242
"../../../MultiplayerShootout/Content/Blueprints/Widgets/ErrorDialog.uasset" 243
"../../../MultiplayerShootout/Content/Blueprints/Widgets/LoadingScreen.uasset" 244
"../../../MultiplayerShootout/Content/Blueprints/Widgets/ServerRow.uasset" 245
"../../../MultiplayerShootout/Content/Blueprints/Widgets/ServerList.uasset" 246
"../../../MultiplayerShootout/Content/Blueprints/Widgets/MainMenu.uasset" 247
"../../../MultiplayerShootout/Content/Blueprints/MyGameInstance.uasset" 248
"../../../Engine/Content/EditorBlueprintResources/ActorMacros.uasset" 249
"../../../MultiplayerShootout/Content/Blueprints/MyGameState.uasset" 250
"../../../MultiplayerShootout/Content/Animations/Gunslinger_Aim_CC.uasset" 251
"../../../MultiplayerShootout/Content/Animations/Gunslinger_Aim_CL.uasset" 252
"../../../MultiplayerShootout/Content/Animations/Gunslinger_Aim_CR.uasset" 253
"../../../MultiplayerShootout/Content/Animations/Gunslinger_Aim_DC.uasset" 254
"../../../MultiplayerShootout/Content/Animations/Gunslinger_Aim_DL.uasset" 255
"../../../MultiplayerShootout/Content/Animations/Gunslinger_Aim_DR.uasset" 256
"../../../MultiplayerShootout/Content/Animations/Gunslinger_Aim_UC.uasset" 257
"../../../MultiplayerShootout/Content/Animations/Gunslinger_Aim_UL.uasset" 258
"../../../MultiplayerShootout/Content/Animations/Gunslinger_Aim_UR.uasset" 259
"../../../MultiplayerShootout/Content/Animations/AimOffset_Gunslinger.uasset" 260
"../../../MultiplayerShootout/Content/Animations/Gunslinger_Draw.uasset" 261
"../../../MultiplayerShootout/Content/Animations/Gunslinger_Fire.uasset" 262
"../../../MultiplayerShootout/Content/Animations/Gunslinger_PullBack.uasset" 263
"../../../MultiplayerShootout/Content/Animations/Gunslinger_Ready.uasset" 264
"../../../MultiplayerShootout/Content/Animations/Gunslinger_Unholster.uasset" 265
"../../../MultiplayerShootout/Content/Gunslinger/Gunslinger_AnimBP.uasset" 266
"../../../MultiplayerShootout/Content/Animations/Gunslinger_Hit_01.uasset" 267
"../../../MultiplayerShootout/Content/Textures/MuzzleFlash.uasset" 268
"../../../MultiplayerShootout/Content/Materials/M_MuzzleFlash.uasset" 269
"../../../MultiplayerShootout/Content/Materials/M_MuzzleFlash_Inst.uasset" 270
"../../../MultiplayerShootout/Content/Effects/P_MuzzleFlash.uasset" 271
"../../../MultiplayerShootout/Content/Blueprints/BP_MuzzleFlash.uasset" 272
"../../../MultiplayerShootout/Content/Materials/M_Bullet.uasset" 273
"../../../MultiplayerShootout/Content/Materials/M_Bullet_Inst.uasset" 274
"../../../MultiplayerShootout/Content/Effects/P_Hit.uasset" 275
"../../../MultiplayerShootout/Content/Meshes/Sphere.uasset" 276
"../../../MultiplayerShootout/Content/Sounds/Randomize_01.uasset" 277
"../../../MultiplayerShootout/Content/Sounds/Hit_01.uasset" 278
"../../../MultiplayerShootout/Content/Sounds/SoundCue_Attentuated.uasset" 279
"../../../MultiplayerShootout/Content/Blueprints/BP_Projectile.uasset" 280
"../../../MultiplayerShootout/Content/Blueprints/CamShake_01.uasset" 281
"../../../MultiplayerShootout/Content/Blueprints/MyPlayerState.uasset" 282
"../../../MultiplayerShootout/Content/Materials/M_Hat.uasset" 283
"../../../MultiplayerShootout/Content/Materials/M_Hat_Inst.uasset" 284
"../../../MultiplayerShootout/Content/Materials/M_Player.uasset" 285
"../../../MultiplayerShootout/Content/Materials/M_Player_Inst.uasset" 286
"../../../MultiplayerShootout/Content/Gunslinger/GunslingerTTP_PhysicsAsset.uasset" 287
"../../../MultiplayerShootout/Content/Gunslinger/GunslingerTTP.uasset" 288
"../../../MultiplayerShootout/Content/Materials/M_Gun.uasset" 289
"../../../MultiplayerShootout/Content/Meshes/Gun.uasset" 290
"../../../MultiplayerShootout/Content/Meshes/Hat.uasset" 291
"../../../MultiplayerShootout/Content/Sounds/Click_01.uasset" 292
"../../../MultiplayerShootout/Content/Sounds/Coin_01.uasset" 293
"../../../MultiplayerShootout/Content/Sounds/Gunfire_01.uasset" 294
"../../../MultiplayerShootout/Content/Sounds/Randomize_03.uasset" 295
"../../../MultiplayerShootout/Content/Sounds/Randomize_08.uasset" 296
"../../../MultiplayerShootout/Content/Gunslinger/Gunslinger_BP.uasset" 297
"../../../MultiplayerShootout/Content/Textures/Ammo_Empty.uasset" 298
"../../../MultiplayerShootout/Content/Textures/Ammo_Full.uasset" 299
"../../../MultiplayerShootout/Content/Blueprints/Widgets/AmmoWidget.uasset" 300
"../../../MultiplayerShootout/Content/Blueprints/Widgets/InGameMenu.uasset" 301
"../../../MultiplayerShootout/Content/Blueprints/Widgets/ScoreboardRow.uasset" 302
"../../../MultiplayerShootout/Content/Blueprints/Widgets/MyHUD.uasset" 303
"../../../MultiplayerShootout/Content/Blueprints/MyPlayerController.uasset" 304
"../../../MultiplayerShootout/Content/Blueprints/MyGameMode.uasset" 305
"../../../MultiplayerShootout/Content/Maps/Level_01_BuiltData.uasset" 306
"../../../MultiplayerShootout/Content/Materials/M_Basic.uasset" 307
"../../../MultiplayerShootout/Content/Materials/M_Basic_Inst.uasset" 308
"../../../MultiplayerShootout/Content/Audio/Starter_Birds01.uasset" 309
"../../../MultiplayerShootout/Content/Audio/Starter_Wind05.uasset" 310
"../../../MultiplayerShootout/Content/Audio/Starter_Wind06.uasset" 311
"../../../MultiplayerShootout/Content/Audio/Starter_Background_Cue.uasset" 312
"../../../MultiplayerShootout/Content/Environment/Barrel.uasset" 313
"../../../MultiplayerShootout/Content/Environment/Building_00.uasset" 314
"../../../MultiplayerShootout/Content/Environment/Building_01.uasset" 315
"../../../MultiplayerShootout/Content/Environment/Crate.uasset" 316
"../../../MultiplayerShootout/Content/Environment/Ground.uasset" 317
"../../../MultiplayerShootout/Content/Environment/Horse_TieUp.uasset" 318
"../../../MultiplayerShootout/Content/Environment/Trough.uasset" 319
"../../../MultiplayerShootout/Content/Maps/Level_01.umap" 320
"../../../MultiplayerShootout/Content/Maps/MainMenu.umap" 321
"../../../Engine/Content/Maps/Entry.umap" 322
